2020-12-26 23:15:01,975 C: NA  D:  NA    M:  NA    NODE:SERVER      17986  INFO   | # Copyright 2020 H2O.ai; Proprietary License;  -*- encoding: utf-8 -*-
2020-12-26 23:15:01,975 C: NA  D:  NA    M:  NA    NODE:SERVER      17986  INFO   | 
2020-12-26 23:15:01,975 C: NA  D:  NA    M:  NA    NODE:SERVER      17986  INFO   | -------------------------------------------------------------------------------
2020-12-26 23:15:01,975 C: NA  D:  NA    M:  NA    NODE:SERVER      17986  INFO   | 
2020-12-26 23:15:01,975 C: NA  D:  NA    M:  NA    NODE:SERVER      17986  INFO   |                 H2O DRIVERLESS AI SERVER LOGFILE 
2020-12-26 23:15:01,975 C: NA  D:  NA    M:  NA    NODE:SERVER      17986  INFO   | 
2020-12-26 23:15:01,975 C: NA  D:  NA    M:  NA    NODE:SERVER      17986  INFO   | 
2020-12-26 23:15:01,975 C: NA  D:  NA    M:  NA    NODE:SERVER      17986  INFO   |                            PROPRIETARY LICENSE -
2020-12-26 23:15:01,975 C: NA  D:  NA    M:  NA    NODE:SERVER      17986  INFO   | 
2020-12-26 23:15:01,975 C: NA  D:  NA    M:  NA    NODE:SERVER      17986  INFO   |                 USE OF ANY PART OF THIS SOFTWARE REQUIRES A VALID,
2020-12-26 23:15:01,975 C: NA  D:  NA    M:  NA    NODE:SERVER      17986  INFO   |                 ONGOING LICENSE AGREEMENT WITH H2O.AI.
2020-12-26 23:15:01,975 C: NA  D:  NA    M:  NA    NODE:SERVER      17986  INFO   | 
2020-12-26 23:15:01,975 C: NA  D:  NA    M:  NA    NODE:SERVER      17986  INFO   |                 Please contact sales@h2o.ai for more information.
2020-12-26 23:15:01,975 C: NA  D:  NA    M:  NA    NODE:SERVER      17986  INFO   | 
2020-12-26 23:15:01,976 C: NA  D:  NA    M:  NA    NODE:SERVER      17986  INFO   | -------------------------------------------------------------------------------
2020-12-26 23:15:06,768 C:  5% D:224.9GB M:30.6GB  NODE:SERVER      17986  INFO   | font search path ['/home/ubuntu/anaconda3/envs/py36/lib/python3.6/site-packages/matplotlib/mpl-data/fonts/ttf', '/home/ubuntu/anaconda3/envs/py36/lib/python3.6/site-packages/matplotlib/mpl-data/fonts/afm', '/home/ubuntu/anaconda3/envs/py36/lib/python3.6/site-packages/matplotlib/mpl-data/fonts/pdfcorefonts']
2020-12-26 23:15:07,237 C:  5% D:224.9GB M:30.6GB  NODE:SERVER      17986  INFO   | generated new fontManager
2020-12-26 23:15:08,962 C:  8% D:224.9GB M:30.5GB  NODE:SERVER      17986  INFO   | Starting H2O server for recipes
2020-12-26 23:15:13,928 C: 12% D:224.9GB M:30.3GB  NODE:SERVER      17986  INFO   | RECIPE H2O-3 server started
2020-12-26 23:15:13,929 C: 12% D:224.9GB M:30.3GB  NODE:SERVER      17986  INFO   | Started H2O version 3.26.0.1 at http://127.0.0.1:50341
2020-12-26 23:15:13,936 C: 12% D:224.9GB M:30.3GB  NODE:SERVER      17986  INFO   | Creating custom transformers directory.
2020-12-26 23:15:13,941 C: 12% D:224.9GB M:30.3GB  NODE:SERVER      17986  INFO   | Creating custom models directory.
2020-12-26 23:15:13,943 C: 12% D:224.9GB M:30.3GB  NODE:SERVER      17986  INFO   | Creating custom scorers directory.
2020-12-26 23:15:13,945 C: 12% D:224.9GB M:30.3GB  NODE:SERVER      17986  INFO   | Creating custom data directory.
2020-12-26 23:37:13,923 C:  0% D:224.9GB M:30.0GB  NODE:SERVER      17986  INFO   | Submitted    0 and Completed    0 non-identity feature engineering tasks out of    4 total tasks (including    4 identity)
2020-12-26 23:50:29,742 C:  0% D:224.9GB M:30.0GB  NODE:SERVER      17986  INFO   | Submitted    0 and Completed    0 non-identity feature engineering tasks out of    4 total tasks (including    4 identity)
2020-12-26 23:50:51,926 C:  0% D:224.9GB M:30.0GB  NODE:SERVER      17986  INFO   | Submitted    0 and Completed    0 non-identity feature engineering tasks out of    4 total tasks (including    4 identity)
2020-12-26 23:53:05,307 C:  0% D:224.9GB M:29.9GB  NODE:SERVER      17986  INFO   | Submitted    0 and Completed    0 non-identity feature engineering tasks out of    4 total tasks (including    4 identity)
2020-12-26 23:59:44,937 C:  0% D:224.9GB M:29.9GB  NODE:SERVER      17986  INFO   | Submitted    0 and Completed    0 non-identity feature engineering tasks out of    4 total tasks (including    4 identity)
2020-12-27 00:09:00,779 C:  0% D:224.9GB M:29.8GB  NODE:SERVER      17986  INFO   | Submitted    0 and Completed    0 non-identity feature engineering tasks out of    4 total tasks (including    4 identity)
2020-12-27 00:10:52,290 C:  0% D:224.9GB M:29.8GB  NODE:SERVER      17986  INFO   | Submitted    0 and Completed    0 non-identity feature engineering tasks out of    4 total tasks (including    4 identity)
2020-12-27 00:13:42,195 C:  0% D:224.9GB M:29.8GB  NODE:SERVER      17986  INFO   | Submitted    0 and Completed    0 non-identity feature engineering tasks out of    4 total tasks (including    4 identity)
2020-12-27 00:13:56,792 C:  0% D:224.9GB M:29.8GB  NODE:SERVER      17986  INFO   | Submitted    0 and Completed    0 non-identity feature engineering tasks out of    4 total tasks (including    4 identity)
2020-12-27 00:14:04,999 C:  0% D:224.9GB M:29.8GB  NODE:SERVER      17986  INFO   | Submitted    0 and Completed    0 non-identity feature engineering tasks out of    4 total tasks (including    4 identity)
2020-12-27 00:14:33,708 C:  0% D:224.9GB M:29.8GB  NODE:SERVER      17986  INFO   | Submitted    0 and Completed    0 non-identity feature engineering tasks out of    4 total tasks (including    4 identity)
2020-12-27 00:15:25,233 C:  0% D:224.9GB M:29.8GB  NODE:SERVER      17986  INFO   | Submitted    0 and Completed    0 non-identity feature engineering tasks out of    4 total tasks (including    4 identity)
2020-12-27 00:16:26,075 C:  1% D:224.9GB M:29.8GB  NODE:SERVER      17986  INFO   | Submitted    0 and Completed    0 non-identity feature engineering tasks out of    4 total tasks (including    4 identity)
2020-12-27 00:16:47,159 C:  0% D:224.9GB M:29.8GB  NODE:SERVER      17986  INFO   | Submitted    0 and Completed    0 non-identity feature engineering tasks out of    4 total tasks (including    4 identity)
2020-12-27 00:17:37,269 C:  0% D:224.9GB M:29.8GB  NODE:SERVER      17986  INFO   | Submitted    0 and Completed    0 non-identity feature engineering tasks out of    4 total tasks (including    4 identity)
2020-12-27 00:17:51,872 C:  0% D:224.9GB M:29.8GB  NODE:SERVER      17986  INFO   | Submitted    0 and Completed    0 non-identity feature engineering tasks out of    4 total tasks (including    4 identity)
2020-12-27 00:18:02,955 C:  0% D:224.9GB M:29.8GB  NODE:SERVER      17986  INFO   | Submitted    0 and Completed    0 non-identity feature engineering tasks out of    4 total tasks (including    4 identity)
2020-12-27 00:32:51,818 C:  0% D:224.9GB M:29.8GB  NODE:SERVER      17986  INFO   | Submitted    0 and Completed    0 non-identity feature engineering tasks out of    4 total tasks (including    4 identity)
2020-12-27 00:35:18,776 C:  0% D:224.9GB M:29.8GB  NODE:SERVER      17986  INFO   | Submitted    0 and Completed    0 non-identity feature engineering tasks out of    4 total tasks (including    4 identity)
2020-12-27 00:35:26,446 C:  0% D:224.9GB M:29.8GB  NODE:SERVER      17986  INFO   | Submitted    0 and Completed    0 non-identity feature engineering tasks out of    4 total tasks (including    4 identity)
2020-12-27 00:49:31,447 C:  0% D:224.9GB M:29.8GB  NODE:SERVER      17986  INFO   | Using 1 parallel workers (1 parent workers) for fit_transform.
2020-12-27 00:49:31,656 C:  0% D:224.9GB M:29.8GB  NODE:SERVER      17986  INFO   | Submitted    0 and Completed    0 non-identity feature engineering tasks out of    4 total tasks (including    4 identity)
2020-12-27 00:49:31,843 C:  0% D:224.9GB M:29.8GB  NODE:SERVER      17986  INFO   | Submitted    0 and Completed    0 non-identity feature engineering tasks out of    4 total tasks (including    4 identity)
2020-12-27 00:49:32,034 C:  0% D:224.9GB M:29.8GB  NODE:SERVER      17986  INFO   | Submitted    0 and Completed    0 non-identity feature engineering tasks out of    4 total tasks (including    4 identity)
2020-12-27 00:49:56,300 C:  1% D:224.9GB M:29.8GB  NODE:SERVER      17986  INFO   | Using 1 parallel workers (1 parent workers) for fit_transform.
2020-12-27 00:49:56,493 C:  1% D:224.9GB M:29.8GB  NODE:SERVER      17986  INFO   | Submitted    0 and Completed    0 non-identity feature engineering tasks out of    4 total tasks (including    4 identity)
2020-12-27 00:49:56,690 C:  1% D:224.9GB M:29.8GB  NODE:SERVER      17986  INFO   | Submitted    0 and Completed    0 non-identity feature engineering tasks out of    4 total tasks (including    4 identity)
2020-12-27 00:49:56,897 C:  1% D:224.9GB M:29.8GB  NODE:SERVER      17986  INFO   | Submitted    0 and Completed    0 non-identity feature engineering tasks out of    4 total tasks (including    4 identity)
2020-12-27 01:09:53,906 C:  0% D:224.9GB M:29.8GB  NODE:SERVER      17986  INFO   | Using 1 parallel workers (1 parent workers) for fit_transform.
2020-12-27 01:09:54,084 C:  0% D:224.9GB M:29.8GB  NODE:SERVER      17986  INFO   | Submitted    0 and Completed    0 non-identity feature engineering tasks out of    4 total tasks (including    4 identity)
2020-12-27 01:09:54,281 C:  0% D:224.9GB M:29.8GB  NODE:SERVER      17986  INFO   | Submitted    0 and Completed    0 non-identity feature engineering tasks out of    4 total tasks (including    4 identity)
2020-12-27 01:09:54,466 C:  0% D:224.9GB M:29.8GB  NODE:SERVER      17986  INFO   | Submitted    0 and Completed    0 non-identity feature engineering tasks out of    4 total tasks (including    4 identity)
