2020-12-27 01:28:07,895 C: NA  D:  NA    M:  NA    NODE:SERVER      19017  INFO   | # Copyright 2020 H2O.ai; Proprietary License;  -*- encoding: utf-8 -*-
2020-12-27 01:28:07,895 C: NA  D:  NA    M:  NA    NODE:SERVER      19017  INFO   | 
2020-12-27 01:28:07,895 C: NA  D:  NA    M:  NA    NODE:SERVER      19017  INFO   | -------------------------------------------------------------------------------
2020-12-27 01:28:07,895 C: NA  D:  NA    M:  NA    NODE:SERVER      19017  INFO   | 
2020-12-27 01:28:07,895 C: NA  D:  NA    M:  NA    NODE:SERVER      19017  INFO   |                 H2O DRIVERLESS AI EXPERIMENT LOGFILE 
2020-12-27 01:28:07,895 C: NA  D:  NA    M:  NA    NODE:SERVER      19017  INFO   | 
2020-12-27 01:28:07,895 C: NA  D:  NA    M:  NA    NODE:SERVER      19017  INFO   | 
2020-12-27 01:28:07,895 C: NA  D:  NA    M:  NA    NODE:SERVER      19017  INFO   |                            PROPRIETARY LICENSE -
2020-12-27 01:28:07,895 C: NA  D:  NA    M:  NA    NODE:SERVER      19017  INFO   | 
2020-12-27 01:28:07,895 C: NA  D:  NA    M:  NA    NODE:SERVER      19017  INFO   |                 USE OF ANY PART OF THIS SOFTWARE REQUIRES A VALID,
2020-12-27 01:28:07,895 C: NA  D:  NA    M:  NA    NODE:SERVER      19017  INFO   |                 ONGOING LICENSE AGREEMENT WITH H2O.AI.
2020-12-27 01:28:07,895 C: NA  D:  NA    M:  NA    NODE:SERVER      19017  INFO   | 
2020-12-27 01:28:07,895 C: NA  D:  NA    M:  NA    NODE:SERVER      19017  INFO   |                 Please contact sales@h2o.ai for more information.
2020-12-27 01:28:07,895 C: NA  D:  NA    M:  NA    NODE:SERVER      19017  INFO   | 
2020-12-27 01:28:07,895 C: NA  D:  NA    M:  NA    NODE:SERVER      19017  INFO   | -------------------------------------------------------------------------------
2020-12-27 01:28:08,115 C:  0% D:224.9GB M:30.2GB  NODE:SERVER      19017  INFO   | Submitted    0 and Completed    0 non-identity feature engineering tasks out of    4 total tasks (including    4 identity)
2020-12-27 01:28:10,037 C:  0% D:224.9GB M:30.2GB  NODE:SERVER      19017  INFO   | Submitted    0 and Completed    0 non-identity feature engineering tasks out of    4 total tasks (including    4 identity)
2020-12-27 01:28:15,692 C:  0% D:224.9GB M:30.2GB  NODE:SERVER      19017  INFO   | Submitted    0 and Completed    0 non-identity feature engineering tasks out of    4 total tasks (including    4 identity)
2020-12-27 01:28:21,334 C:  0% D:224.9GB M:30.2GB  NODE:SERVER      19017  INFO   | Submitted    0 and Completed    0 non-identity feature engineering tasks out of    4 total tasks (including    4 identity)
2020-12-27 01:28:35,636 C:  0% D:224.9GB M:30.2GB  NODE:SERVER      19017  INFO   | Submitted    0 and Completed    0 non-identity feature engineering tasks out of    4 total tasks (including    4 identity)
2020-12-27 01:28:42,893 C:  0% D:224.9GB M:30.2GB  NODE:SERVER      19017  INFO   | Using 1 parallel workers (1 parent workers) for fit_transform.
2020-12-27 01:28:43,121 C:  0% D:224.9GB M:30.2GB  NODE:SERVER      19017  INFO   | Submitted    0 and Completed    0 non-identity feature engineering tasks out of    4 total tasks (including    4 identity)
2020-12-27 01:28:43,336 C:  0% D:224.9GB M:30.2GB  NODE:SERVER      19017  INFO   | Submitted    0 and Completed    0 non-identity feature engineering tasks out of    4 total tasks (including    4 identity)
2020-12-27 01:28:43,555 C:  0% D:224.9GB M:30.2GB  NODE:SERVER      19017  INFO   | Submitted    0 and Completed    0 non-identity feature engineering tasks out of    4 total tasks (including    4 identity)
